[0.042s] Invoking command in '/home/jcbynum2/dev-workspace/src/corobot/map_to_jpeg/build/map_to_jpeg': /usr/bin/cmake /home/jcbynum2/dev-workspace/src/corobot/map_to_jpeg -DCATKIN_INSTALL_INTO_PREFIX_ROOT=0 -DCMAKE_INSTALL_PREFIX=/home/jcbynum2/dev-workspace/src/corobot/map_to_jpeg/install/map_to_jpeg
[0.196s] -- The C compiler identification is GNU 9.4.0
[0.415s] -- The CXX compiler identification is GNU 9.4.0
[0.431s] -- Check for working C compiler: /usr/bin/cc
[0.744s] -- Check for working C compiler: /usr/bin/cc -- works
[0.748s] -- Detecting C compiler ABI info
[1.088s] -- Detecting C compiler ABI info - done
[1.194s] -- Detecting C compile features
[1.197s] -- Detecting C compile features - done
[1.217s] -- Check for working CXX compiler: /usr/bin/c++
[1.610s] -- Check for working CXX compiler: /usr/bin/c++ -- works
[1.612s] -- Detecting CXX compiler ABI info
[1.815s] -- Detecting CXX compiler ABI info - done
[1.872s] -- Detecting CXX compile features
[1.875s] -- Detecting CXX compile features - done
[1.882s] -- Found rclcpp: 2.4.2 (/opt/ros/foxy/share/rclcpp/cmake)
[2.005s] -- Found PythonInterp: /usr/bin/python3 (found suitable version "3.8.10", minimum required is "3") 
[2.007s] -- Using PYTHON_EXECUTABLE: /usr/bin/python3
[2.848s] -- Using all available rosidl_typesupport_c: rosidl_typesupport_fastrtps_c;rosidl_typesupport_introspection_c
[2.867s] -- Found rosidl_adapter: 1.3.0 (/opt/ros/foxy/share/rosidl_adapter/cmake)
[3.055s] -- Found OpenSSL: /usr/lib/x86_64-linux-gnu/libcrypto.so (found version "1.1.1f")  
[3.191s] -- Found FastRTPS: /opt/ros/foxy/include  
[3.412s] -- Using all available rosidl_typesupport_cpp: rosidl_typesupport_fastrtps_cpp;rosidl_typesupport_introspection_cpp
[3.586s] -- Found rmw_implementation_cmake: 1.0.3 (/opt/ros/foxy/share/rmw_implementation_cmake/cmake)
[3.591s] -- Using RMW implementation 'rmw_fastrtps_cpp' as default
[3.594s] -- Looking for pthread.h
[3.766s] -- Looking for pthread.h - found
[3.766s] -- Performing Test CMAKE_HAVE_LIBC_PTHREAD
[3.928s] -- Performing Test CMAKE_HAVE_LIBC_PTHREAD - Failed
[3.929s] -- Looking for pthread_create in pthreads
[4.076s] -- Looking for pthread_create in pthreads - not found
[4.077s] -- Looking for pthread_create in pthread
[4.314s] -- Looking for pthread_create in pthread - found
[4.321s] -- Found Threads: TRUE  
[4.999s] -- Found OpenCV: /usr (found version "4.2.0") 
[5.002s] -- Found sensor_msgs: 2.0.5 (/opt/ros/foxy/share/sensor_msgs/cmake)
[5.345s] -- Found nav_msgs: 2.0.5 (/opt/ros/foxy/share/nav_msgs/cmake)
[5.567s] -- Found tf2: 0.13.13 (/opt/ros/foxy/share/tf2/cmake)
[5.599s] -- Found image_transport: 2.4.0 (/opt/ros/foxy/share/image_transport/cmake)
[5.718s] -- Found cv_bridge: 3.0.6 (/opt/ros/foxy/share/cv_bridge/cmake)
[5.826s] -- Configuring done
[5.901s] -- Generating done
[5.905s] CMake Warning:
[5.906s]   Manually-specified variables were not used by the project:
[5.906s] 
[5.906s]     CATKIN_INSTALL_INTO_PREFIX_ROOT
[5.906s] 
[5.906s] 
[5.907s] -- Build files have been written to: /home/jcbynum2/dev-workspace/src/corobot/map_to_jpeg/build/map_to_jpeg
[5.922s] Invoked command in '/home/jcbynum2/dev-workspace/src/corobot/map_to_jpeg/build/map_to_jpeg' returned '0': /usr/bin/cmake /home/jcbynum2/dev-workspace/src/corobot/map_to_jpeg -DCATKIN_INSTALL_INTO_PREFIX_ROOT=0 -DCMAKE_INSTALL_PREFIX=/home/jcbynum2/dev-workspace/src/corobot/map_to_jpeg/install/map_to_jpeg
[5.927s] Invoking command in '/home/jcbynum2/dev-workspace/src/corobot/map_to_jpeg/build/map_to_jpeg': /usr/bin/cmake --build /home/jcbynum2/dev-workspace/src/corobot/map_to_jpeg/build/map_to_jpeg -- -j4 -l4
[6.019s] [35m[1mScanning dependencies of target image_to_map_node[0m
[6.023s] [35m[1mScanning dependencies of target map_to_image_node[0m
[6.040s] [ 25%] [32mBuilding CXX object CMakeFiles/image_to_map_node.dir/src/image_to_map_node.cpp.o[0m
[6.058s] [01m[K/home/jcbynum2/dev-workspace/src/corobot/map_to_jpeg/src/image_to_map_node.cpp:30:10:[m[K [01;31m[Kfatal error: [m[Krclcpp/rclcpp.h: No such file or directory
[6.058s]    30 | #include [01;31m[K"rclcpp/rclcpp.h"[m[K
[6.058s]       |          [01;31m[K^~~~~~~~~~~~~~~~~[m[K
[6.058s] compilation terminated.
[6.061s] make[2]: *** [CMakeFiles/image_to_map_node.dir/build.make:63: CMakeFiles/image_to_map_node.dir/src/image_to_map_node.cpp.o] Error 1
[6.061s] make[1]: *** [CMakeFiles/Makefile2:80: CMakeFiles/image_to_map_node.dir/all] Error 2
[6.061s] make[1]: *** Waiting for unfinished jobs....
[6.170s] [ 50%] [32mBuilding CXX object CMakeFiles/map_to_image_node.dir/src/map_to_image_node.cpp.o[0m
[6.191s] [01m[K/home/jcbynum2/dev-workspace/src/corobot/map_to_jpeg/src/map_to_image_node.cpp:29:10:[m[K [01;31m[Kfatal error: [m[Krclcpp/rclcpp.h: No such file or directory
[6.192s]    29 | #include [01;31m[K"rclcpp/rclcpp.h"[m[K
[6.192s]       |          [01;31m[K^~~~~~~~~~~~~~~~~[m[K
[6.192s] compilation terminated.
[6.193s] make[2]: *** [CMakeFiles/map_to_image_node.dir/build.make:63: CMakeFiles/map_to_image_node.dir/src/map_to_image_node.cpp.o] Error 1
[6.194s] make[1]: *** [CMakeFiles/Makefile2:107: CMakeFiles/map_to_image_node.dir/all] Error 2
[6.194s] make: *** [Makefile:95: all] Error 2
[6.204s] Invoked command in '/home/jcbynum2/dev-workspace/src/corobot/map_to_jpeg/build/map_to_jpeg' returned '2': /usr/bin/cmake --build /home/jcbynum2/dev-workspace/src/corobot/map_to_jpeg/build/map_to_jpeg -- -j4 -l4
