[0.047s] Invoking command in '/home/jcbynum2/dev-workspace/src/corobot/map_to_jpeg/build/map_to_jpeg': /usr/bin/cmake --build /home/jcbynum2/dev-workspace/src/corobot/map_to_jpeg/build/map_to_jpeg -- -j4 -l4
[0.159s] -- Found rclcpp: 2.4.2 (/opt/ros/foxy/share/rclcpp/cmake)
[0.217s] -- Using PYTHON_EXECUTABLE: /usr/bin/python3
[0.781s] -- Using all available rosidl_typesupport_c: rosidl_typesupport_fastrtps_c;rosidl_typesupport_introspection_c
[0.795s] -- Found rosidl_adapter: 1.3.0 (/opt/ros/foxy/share/rosidl_adapter/cmake)
[1.139s] -- Using all available rosidl_typesupport_cpp: rosidl_typesupport_fastrtps_cpp;rosidl_typesupport_introspection_cpp
[1.305s] -- Found rmw_implementation_cmake: 1.0.3 (/opt/ros/foxy/share/rmw_implementation_cmake/cmake)
[1.309s] -- Using RMW implementation 'rmw_fastrtps_cpp' as default
[1.827s] -- Found sensor_msgs: 2.0.5 (/opt/ros/foxy/share/sensor_msgs/cmake)
[2.196s] -- Found nav_msgs: 2.0.5 (/opt/ros/foxy/share/nav_msgs/cmake)
[2.420s] -- Found tf2: 0.13.13 (/opt/ros/foxy/share/tf2/cmake)
[2.451s] -- Found image_transport: 2.4.0 (/opt/ros/foxy/share/image_transport/cmake)
[2.555s] -- Found cv_bridge: 3.0.6 (/opt/ros/foxy/share/cv_bridge/cmake)
[2.727s] -- Configuring done
[2.843s] -- Generating done
[2.851s] -- Build files have been written to: /home/jcbynum2/dev-workspace/src/corobot/map_to_jpeg/build/map_to_jpeg
[2.900s] [35m[1mScanning dependencies of target image_to_map_node[0m
[2.960s] [ 25%] [32mBuilding CXX object CMakeFiles/map_to_image_node.dir/src/map_to_image_node.cpp.o[0m
[2.974s] [01m[K/home/jcbynum2/dev-workspace/src/corobot/map_to_jpeg/src/map_to_image_node.cpp:29:10:[m[K [01;31m[Kfatal error: [m[Krclcpp/rclcpp.h: No such file or directory
[2.978s]    29 | #include [01;31m[K"rclcpp/rclcpp.h"[m[K
[2.978s]       |          [01;31m[K^~~~~~~~~~~~~~~~~[m[K
[2.979s] compilation terminated.
[2.980s] make[2]: *** [CMakeFiles/map_to_image_node.dir/build.make:63: CMakeFiles/map_to_image_node.dir/src/map_to_image_node.cpp.o] Error 1
[2.980s] make[1]: *** [CMakeFiles/Makefile2:107: CMakeFiles/map_to_image_node.dir/all] Error 2
[2.981s] make[1]: *** Waiting for unfinished jobs....
[3.043s] [ 50%] [32mBuilding CXX object CMakeFiles/image_to_map_node.dir/src/image_to_map_node.cpp.o[0m
[3.379s] [01m[K/home/jcbynum2/dev-workspace/src/corobot/map_to_jpeg/src/image_to_map_node.cpp:32:10:[m[K [01;31m[Kfatal error: [m[Knav_msgs/msg/GetMap.h: No such file or directory
[3.379s]    32 | #include [01;31m[K<nav_msgs/msg/GetMap.h>[m[K
[3.379s]       |          [01;31m[K^~~~~~~~~~~~~~~~~~~~~~~[m[K
[3.379s] compilation terminated.
[3.384s] make[2]: *** [CMakeFiles/image_to_map_node.dir/build.make:63: CMakeFiles/image_to_map_node.dir/src/image_to_map_node.cpp.o] Error 1
[3.384s] make[1]: *** [CMakeFiles/Makefile2:80: CMakeFiles/image_to_map_node.dir/all] Error 2
[3.384s] make: *** [Makefile:95: all] Error 2
[3.394s] Invoked command in '/home/jcbynum2/dev-workspace/src/corobot/map_to_jpeg/build/map_to_jpeg' returned '2': /usr/bin/cmake --build /home/jcbynum2/dev-workspace/src/corobot/map_to_jpeg/build/map_to_jpeg -- -j4 -l4
